# JRE version: OpenJDK Runtime Environment (8.0_202-b03) (build 1.8.0_202-release-1483-b03)
# Java VM: OpenJDK 64-Bit Server VM (25.202-b03 mixed mode windows-amd64 compressed oops)
Heap:
 PSYoungGen      total 164352K, used 48935K [0x00000000e0000000, 0x00000000ed700000, 0x0000000100000000)
  eden space 161280K, 28% used [0x00000000e0000000,0x00000000e2cc9f28,0x00000000e9d80000)
  from space 3072K, 100% used [0x00000000ed400000,0x00000000ed700000,0x00000000ed700000)
  to   space 20480K, 0% used [0x00000000ec000000,0x00000000ec000000,0x00000000ed400000)
 ParOldGen       total 139776K, used 70669K [0x00000000a0000000, 0x00000000a8880000, 0x00000000e0000000)
  object space 139776K, 50% used [0x00000000a0000000,0x00000000a4503440,0x00000000a8880000)
 Metaspace       used 69800K, capacity 72374K, committed 72468K, reserved 1112064K
  class space    used 9149K, capacity 9727K, committed 9788K, reserved 1048576K
GC Heap History (10 events):
Event: 17.750 GC heap before
{Heap before GC invocations=15 (full 3):
 PSYoungGen      total 190464K, used 6654K [0x00000000e0000000, 0x00000000edb80000, 0x0000000100000000)
  eden space 171520K, 0% used [0x00000000e0000000,0x00000000e0000000,0x00000000ea780000)
  from space 18944K, 35% used [0x00000000eb980000,0x00000000ebfffb60,0x00000000ecc00000)
  to   space 18432K, 0% used [0x00000000ea780000,0x00000000ea780000,0x00000000eb980000)
 ParOldGen       total 89600K, used 36214K [0x00000000a0000000, 0x00000000a5780000, 0x00000000e0000000)
  object space 89600K, 40% used [0x00000000a0000000,0x00000000a235d950,0x00000000a5780000)
 Metaspace       used 57321K, capacity 58926K, committed 59028K, reserved 1099776K
  class space    used 7684K, capacity 8067K, committed 8124K, reserved 1048576K
Event: 18.043 GC heap after
Heap after GC invocations=15 (full 3):
 PSYoungGen      total 190464K, used 0K [0x00000000e0000000, 0x00000000edb80000, 0x0000000100000000)
  eden space 171520K, 0% used [0x00000000e0000000,0x00000000e0000000,0x00000000ea780000)
  from space 18944K, 0% used [0x00000000eb980000,0x00000000eb980000,0x00000000ecc00000)
  to   space 18432K, 0% used [0x00000000ea780000,0x00000000ea780000,0x00000000eb980000)
 ParOldGen       total 139776K, used 36801K [0x00000000a0000000, 0x00000000a8880000, 0x00000000e0000000)
  object space 139776K, 26% used [0x00000000a0000000,0x00000000a23f07e0,0x00000000a8880000)
 Metaspace       used 57321K, capacity 58926K, committed 59028K, reserved 1099776K
  class space    used 7684K, capacity 8067K, committed 8124K, reserved 1048576K
}
Event: 20.616 GC heap before
{Heap before GC invocations=16 (full 3):
 PSYoungGen      total 190464K, used 171520K [0x00000000e0000000, 0x00000000edb80000, 0x0000000100000000)
  eden space 171520K, 100% used [0x00000000e0000000,0x00000000ea780000,0x00000000ea780000)
  from space 18944K, 0% used [0x00000000eb980000,0x00000000eb980000,0x00000000ecc00000)
  to   space 18432K, 0% used [0x00000000ea780000,0x00000000ea780000,0x00000000eb980000)
 ParOldGen       total 139776K, used 36801K [0x00000000a0000000, 0x00000000a8880000, 0x00000000e0000000)
  object space 139776K, 26% used [0x00000000a0000000,0x00000000a23f07e0,0x00000000a8880000)
 Metaspace       used 62307K, capacity 64602K, committed 64788K, reserved 1105920K
  class space    used 8416K, capacity 8923K, committed 9020K, reserved 1048576K
Event: 20.629 GC heap after
Heap after GC invocations=16 (full 3):
 PSYoungGen      total 189952K, used 10967K [0x00000000e0000000, 0x00000000ee880000, 0x0000000100000000)
  eden space 171520K, 0% used [0x00000000e0000000,0x00000000e0000000,0x00000000ea780000)
  from space 18432K, 59% used [0x00000000ea780000,0x00000000eb235eb0,0x00000000eb980000)
  to   space 18432K, 0% used [0x00000000ed680000,0x00000000ed680000,0x00000000ee880000)
 ParOldGen       total 139776K, used 36809K [0x00000000a0000000, 0x00000000a8880000, 0x00000000e0000000)
  object space 139776K, 26% used [0x00000000a0000000,0x00000000a23f27e0,0x00000000a8880000)
 Metaspace       used 62307K, capacity 64602K, committed 64788K, reserved 1105920K
  class space    used 8416K, capacity 8923K, committed 9020K, reserved 1048576K
}
Event: 3753.524 GC heap before
{Heap before GC invocations=17 (full 3):
 PSYoungGen      total 189952K, used 182487K [0x00000000e0000000, 0x00000000ee880000, 0x0000000100000000)
  eden space 171520K, 100% used [0x00000000e0000000,0x00000000ea780000,0x00000000ea780000)
  from space 18432K, 59% used [0x00000000ea780000,0x00000000eb235eb0,0x00000000eb980000)
  to   space 18432K, 0% used [0x00000000ed680000,0x00000000ed680000,0x00000000ee880000)
 ParOldGen       total 139776K, used 36809K [0x00000000a0000000, 0x00000000a8880000, 0x00000000e0000000)
  object space 139776K, 26% used [0x00000000a0000000,0x00000000a23f27e0,0x00000000a8880000)
 Metaspace       used 66362K, capacity 68790K, committed 68884K, reserved 1110016K
  class space    used 8689K, capacity 9243K, committed 9276K, reserved 1048576K
Event: 3753.677 GC heap after
Heap after GC invocations=17 (full 3):
 PSYoungGen      total 184320K, used 17685K [0x00000000e0000000, 0x00000000ee800000, 0x0000000100000000)
  eden space 166400K, 0% used [0x00000000e0000000,0x00000000e0000000,0x00000000ea280000)
  from space 17920K, 98% used [0x00000000ed680000,0x00000000ee7c57a0,0x00000000ee800000)
  to   space 20480K, 0% used [0x00000000ec000000,0x00000000ec000000,0x00000000ed400000)
 ParOldGen       total 139776K, used 36817K [0x00000000a0000000, 0x00000000a8880000, 0x00000000e0000000)
  object space 139776K, 26% used [0x00000000a0000000,0x00000000a23f47e0,0x00000000a8880000)
 Metaspace       used 66362K, capacity 68790K, committed 68884K, reserved 1110016K
  class space    used 8689K, capacity 9243K, committed 9276K, reserved 1048576K
}
Event: 3759.753 GC heap before
{Heap before GC invocations=18 (full 3):
 PSYoungGen      total 184320K, used 184085K [0x00000000e0000000, 0x00000000ee800000, 0x0000000100000000)
  eden space 166400K, 100% used [0x00000000e0000000,0x00000000ea280000,0x00000000ea280000)
  from space 17920K, 98% used [0x00000000ed680000,0x00000000ee7c57a0,0x00000000ee800000)
  to   space 20480K, 0% used [0x00000000ec000000,0x00000000ec000000,0x00000000ed400000)
 ParOldGen       total 139776K, used 36817K [0x00000000a0000000, 0x00000000a8880000, 0x00000000e0000000)
  object space 139776K, 26% used [0x00000000a0000000,0x00000000a23f47e0,0x00000000a8880000)
 Metaspace       used 67870K, capacity 70444K, committed 70676K, reserved 1110016K
  class space    used 8875K, capacity 9432K, committed 9532K, reserved 1048576K
Event: 3759.844 GC heap after
Heap after GC invocations=18 (full 3):
 PSYoungGen      total 181760K, used 20461K [0x00000000e0000000, 0x00000000ed700000, 0x0000000100000000)
  eden space 161280K, 0% used [0x00000000e0000000,0x00000000e0000000,0x00000000e9d80000)
  from space 20480K, 99% used [0x00000000ec000000,0x00000000ed3fb6d0,0x00000000ed400000)
  to   space 3072K, 0% used [0x00000000ed400000,0x00000000ed400000,0x00000000ed700000)
 ParOldGen       total 139776K, used 42894K [0x00000000a0000000, 0x00000000a8880000, 0x00000000e0000000)
  object space 139776K, 30% used [0x00000000a0000000,0x00000000a29e3a80,0x00000000a8880000)
 Metaspace       used 67870K, capacity 70444K, committed 70676K, reserved 1110016K
  class space    used 8875K, capacity 9432K, committed 9532K, reserved 1048576K
}
Event: 3765.263 GC heap before
{Heap before GC invocations=19 (full 3):
 PSYoungGen      total 181760K, used 181741K [0x00000000e0000000, 0x00000000ed700000, 0x0000000100000000)
  eden space 161280K, 100% used [0x00000000e0000000,0x00000000e9d80000,0x00000000e9d80000)
  from space 20480K, 99% used [0x00000000ec000000,0x00000000ed3fb6d0,0x00000000ed400000)
  to   space 3072K, 0% used [0x00000000ed400000,0x00000000ed400000,0x00000000ed700000)
 ParOldGen       total 139776K, used 42894K [0x00000000a0000000, 0x00000000a8880000, 0x00000000e0000000)
  object space 139776K, 30% used [0x00000000a0000000,0x00000000a29e3a80,0x00000000a8880000)
 Metaspace       used 69740K, capacity 72342K, committed 72468K, reserved 1112064K
  class space    used 9133K, capacity 9695K, committed 9788K, reserved 1048576K
Event: 3765.350 GC heap after
Heap after GC invocations=19 (full 3):
 PSYoungGen      total 164352K, used 3072K [0x00000000e0000000, 0x00000000ed700000, 0x0000000100000000)
  eden space 161280K, 0% used [0x00000000e0000000,0x00000000e0000000,0x00000000e9d80000)
  from space 3072K, 100% used [0x00000000ed400000,0x00000000ed700000,0x00000000ed700000)
  to   space 20480K, 0% used [0x00000000ec000000,0x00000000ec000000,0x00000000ed400000)
 ParOldGen       total 139776K, used 70669K [0x00000000a0000000, 0x00000000a8880000, 0x00000000e0000000)
  object space 139776K, 50% used [0x00000000a0000000,0x00000000a4503440,0x00000000a8880000)
 Metaspace       used 69740K, capacity 72342K, committed 72468K, reserved 1112064K
  class space    used 9133K, capacity 9695K, committed 9788K, reserved 1048576K
}

