# JRE version: OpenJDK Runtime Environment (8.0_202-b03) (build 1.8.0_202-release-1483-b03)
# Java VM: OpenJDK 64-Bit Server VM (25.202-b03 mixed mode windows-amd64 compressed oops)
Heap:
 PSYoungGen      total 225280K, used 201553K [0x00000000e0000000, 0x00000000f0500000, 0x0000000100000000)
  eden space 206848K, 88% used [0x00000000e0000000,0x00000000eb2d6030,0x00000000eca00000)
  from space 18432K, 99% used [0x00000000ee400000,0x00000000ef5fe6f0,0x00000000ef600000)
  to   space 26624K, 0% used [0x00000000eca00000,0x00000000eca00000,0x00000000ee400000)
 ParOldGen       total 135168K, used 49568K [0x00000000a0000000, 0x00000000a8400000, 0x00000000e0000000)
  object space 135168K, 36% used [0x00000000a0000000,0x00000000a3068288,0x00000000a8400000)
 Metaspace       used 66714K, capacity 69484K, committed 69784K, reserved 1110016K
  class space    used 8974K, capacity 9584K, committed 9640K, reserved 1048576K
GC Heap History (10 events):
Event: 14.836 GC heap before
{Heap before GC invocations=13 (full 2):
 PSYoungGen      total 148992K, used 148984K [0x00000000e0000000, 0x00000000ea300000, 0x0000000100000000)
  eden space 136704K, 100% used [0x00000000e0000000,0x00000000e8580000,0x00000000e8580000)
  from space 12288K, 99% used [0x00000000e9700000,0x00000000ea2fe098,0x00000000ea300000)
  to   space 14336K, 0% used [0x00000000e8700000,0x00000000e8700000,0x00000000e9500000)
 ParOldGen       total 88064K, used 20012K [0x00000000a0000000, 0x00000000a5600000, 0x00000000e0000000)
  object space 88064K, 22% used [0x00000000a0000000,0x00000000a138b170,0x00000000a5600000)
 Metaspace       used 53905K, capacity 55374K, committed 55592K, reserved 1097728K
  class space    used 7301K, capacity 7690K, committed 7720K, reserved 1048576K
Event: 14.879 GC heap after
Heap after GC invocations=13 (full 2):
 PSYoungGen      total 152576K, used 14311K [0x00000000e0000000, 0x00000000ed500000, 0x0000000100000000)
  eden space 138240K, 0% used [0x00000000e0000000,0x00000000e0000000,0x00000000e8700000)
  from space 14336K, 99% used [0x00000000e8700000,0x00000000e94f9ca8,0x00000000e9500000)
  to   space 18944K, 0% used [0x00000000ec280000,0x00000000ec280000,0x00000000ed500000)
 ParOldGen       total 88064K, used 27418K [0x00000000a0000000, 0x00000000a5600000, 0x00000000e0000000)
  object space 88064K, 31% used [0x00000000a0000000,0x00000000a1ac6b90,0x00000000a5600000)
 Metaspace       used 53905K, capacity 55374K, committed 55592K, reserved 1097728K
  class space    used 7301K, capacity 7690K, committed 7720K, reserved 1048576K
}
Event: 16.247 GC heap before
{Heap before GC invocations=14 (full 2):
 PSYoungGen      total 152576K, used 64663K [0x00000000e0000000, 0x00000000ed500000, 0x0000000100000000)
  eden space 138240K, 36% used [0x00000000e0000000,0x00000000e312c2a8,0x00000000e8700000)
  from space 14336K, 99% used [0x00000000e8700000,0x00000000e94f9ca8,0x00000000e9500000)
  to   space 18944K, 0% used [0x00000000ec280000,0x00000000ec280000,0x00000000ed500000)
 ParOldGen       total 88064K, used 27418K [0x00000000a0000000, 0x00000000a5600000, 0x00000000e0000000)
  object space 88064K, 31% used [0x00000000a0000000,0x00000000a1ac6b90,0x00000000a5600000)
 Metaspace       used 57394K, capacity 59010K, committed 59160K, reserved 1099776K
  class space    used 7748K, capacity 8201K, committed 8232K, reserved 1048576K
Event: 16.268 GC heap after
Heap after GC invocations=14 (full 2):
 PSYoungGen      total 199680K, used 5174K [0x00000000e0000000, 0x00000000ed600000, 0x0000000100000000)
  eden space 180736K, 0% used [0x00000000e0000000,0x00000000e0000000,0x00000000eb080000)
  from space 18944K, 27% used [0x00000000ec280000,0x00000000ec78d8a8,0x00000000ed500000)
  to   space 18432K, 0% used [0x00000000eb080000,0x00000000eb080000,0x00000000ec280000)
 ParOldGen       total 88064K, used 35772K [0x00000000a0000000, 0x00000000a5600000, 0x00000000e0000000)
  object space 88064K, 40% used [0x00000000a0000000,0x00000000a22ef3e0,0x00000000a5600000)
 Metaspace       used 57394K, capacity 59010K, committed 59160K, reserved 1099776K
  class space    used 7748K, capacity 8201K, committed 8232K, reserved 1048576K
}
Event: 16.268 GC heap before
{Heap before GC invocations=15 (full 3):
 PSYoungGen      total 199680K, used 5174K [0x00000000e0000000, 0x00000000ed600000, 0x0000000100000000)
  eden space 180736K, 0% used [0x00000000e0000000,0x00000000e0000000,0x00000000eb080000)
  from space 18944K, 27% used [0x00000000ec280000,0x00000000ec78d8a8,0x00000000ed500000)
  to   space 18432K, 0% used [0x00000000eb080000,0x00000000eb080000,0x00000000ec280000)
 ParOldGen       total 88064K, used 35772K [0x00000000a0000000, 0x00000000a5600000, 0x00000000e0000000)
  object space 88064K, 40% used [0x00000000a0000000,0x00000000a22ef3e0,0x00000000a5600000)
 Metaspace       used 57394K, capacity 59010K, committed 59160K, reserved 1099776K
  class space    used 7748K, capacity 8201K, committed 8232K, reserved 1048576K
Event: 16.639 GC heap after
Heap after GC invocations=15 (full 3):
 PSYoungGen      total 199680K, used 0K [0x00000000e0000000, 0x00000000ed600000, 0x0000000100000000)
  eden space 180736K, 0% used [0x00000000e0000000,0x00000000e0000000,0x00000000eb080000)
  from space 18944K, 0% used [0x00000000ec280000,0x00000000ec280000,0x00000000ed500000)
  to   space 18432K, 0% used [0x00000000eb080000,0x00000000eb080000,0x00000000ec280000)
 ParOldGen       total 135168K, used 34949K [0x00000000a0000000, 0x00000000a8400000, 0x00000000e0000000)
  object space 135168K, 25% used [0x00000000a0000000,0x00000000a2221400,0x00000000a8400000)
 Metaspace       used 57394K, capacity 59010K, committed 59160K, reserved 1099776K
  class space    used 7748K, capacity 8201K, committed 8232K, reserved 1048576K
}
Event: 19.459 GC heap before
{Heap before GC invocations=16 (full 3):
 PSYoungGen      total 199680K, used 180736K [0x00000000e0000000, 0x00000000ed600000, 0x0000000100000000)
  eden space 180736K, 100% used [0x00000000e0000000,0x00000000eb080000,0x00000000eb080000)
  from space 18944K, 0% used [0x00000000ec280000,0x00000000ec280000,0x00000000ed500000)
  to   space 18432K, 0% used [0x00000000eb080000,0x00000000eb080000,0x00000000ec280000)
 ParOldGen       total 135168K, used 34949K [0x00000000a0000000, 0x00000000a8400000, 0x00000000e0000000)
  object space 135168K, 25% used [0x00000000a0000000,0x00000000a2221400,0x00000000a8400000)
 Metaspace       used 61374K, capacity 63712K, committed 63896K, reserved 1103872K
  class space    used 8294K, capacity 8814K, committed 8872K, reserved 1048576K
Event: 19.478 GC heap after
Heap after GC invocations=16 (full 3):
 PSYoungGen      total 199168K, used 11437K [0x00000000e0000000, 0x00000000ef600000, 0x0000000100000000)
  eden space 180736K, 0% used [0x00000000e0000000,0x00000000e0000000,0x00000000eb080000)
  from space 18432K, 62% used [0x00000000eb080000,0x00000000ebbab668,0x00000000ec280000)
  to   space 18432K, 0% used [0x00000000ee400000,0x00000000ee400000,0x00000000ef600000)
 ParOldGen       total 135168K, used 34957K [0x00000000a0000000, 0x00000000a8400000, 0x00000000e0000000)
  object space 135168K, 25% used [0x00000000a0000000,0x00000000a2223400,0x00000000a8400000)
 Metaspace       used 61374K, capacity 63712K, committed 63896K, reserved 1103872K
  class space    used 8294K, capacity 8814K, committed 8872K, reserved 1048576K
}
Event: 22.959 GC heap before
{Heap before GC invocations=17 (full 3):
 PSYoungGen      total 199168K, used 192173K [0x00000000e0000000, 0x00000000ef600000, 0x0000000100000000)
  eden space 180736K, 100% used [0x00000000e0000000,0x00000000eb080000,0x00000000eb080000)
  from space 18432K, 62% used [0x00000000eb080000,0x00000000ebbab668,0x00000000ec280000)
  to   space 18432K, 0% used [0x00000000ee400000,0x00000000ee400000,0x00000000ef600000)
 ParOldGen       total 135168K, used 34957K [0x00000000a0000000, 0x00000000a8400000, 0x00000000e0000000)
  object space 135168K, 25% used [0x00000000a0000000,0x00000000a2223400,0x00000000a8400000)
 Metaspace       used 64842K, capacity 67386K, committed 67736K, reserved 1107968K
  class space    used 8742K, capacity 9287K, committed 9384K, reserved 1048576K
Event: 22.998 GC heap after
Heap after GC invocations=17 (full 3):
 PSYoungGen      total 225280K, used 18425K [0x00000000e0000000, 0x00000000f0500000, 0x0000000100000000)
  eden space 206848K, 0% used [0x00000000e0000000,0x00000000e0000000,0x00000000eca00000)
  from space 18432K, 99% used [0x00000000ee400000,0x00000000ef5fe6f0,0x00000000ef600000)
  to   space 26624K, 0% used [0x00000000eca00000,0x00000000eca00000,0x00000000ee400000)
 ParOldGen       total 135168K, used 49568K [0x00000000a0000000, 0x00000000a8400000, 0x00000000e0000000)
  object space 135168K, 36% used [0x00000000a0000000,0x00000000a3068288,0x00000000a8400000)
 Metaspace       used 64842K, capacity 67386K, committed 67736K, reserved 1107968K
  class space    used 8742K, capacity 9287K, committed 9384K, reserved 1048576K
}

